TN:
SF:src/modules/appointments/services/CreateAppointmentService.ts
FN:41,Object.<anonymous>
FN:41,Object.<anonymous>.__decorate
FN:41,Object.<anonymous>.__metadata
FN:41,Object.<anonymous>.__param
FN:41,Object.<anonymous>.__awaiter
FN:41,adopt
FN:41,fulfilled
FN:41,rejected
FN:41,step
FN:41,Object.<anonymous>.__generator
FN:41,sent
FN:41,g.<computed>
FN:41,verb
FN:41,step
FN:41,Object.<anonymous>.__importDefault
FN:16,CreateAppointmentService
FN:21,Object.<anonymous>.CreateAppointmentService.execute
FNF:17
FNH:15
FNDA:1,Object.<anonymous>
FNDA:1,Object.<anonymous>.__decorate
FNDA:1,Object.<anonymous>.__metadata
FNDA:1,Object.<anonymous>.__param
FNDA:3,Object.<anonymous>.__awaiter
FNDA:5,adopt
FNDA:5,fulfilled
FNDA:0,rejected
FNDA:7,step
FNDA:3,Object.<anonymous>.__generator
FNDA:5,sent
FNDA:0,g.<computed>
FNDA:9,verb
FNDA:8,step
FNDA:1,Object.<anonymous>.__importDefault
FNDA:2,CreateAppointmentService
FNDA:3,Object.<anonymous>.CreateAppointmentService.execute
DA:1,1
DA:2,1
DA:3,1
DA:4,1
DA:5,1
DA:6,1
DA:7,1
DA:8,1
DA:9,1
DA:10,1
DA:11,1
DA:12,1
DA:13,1
DA:14,1
DA:15,1
DA:16,1
DA:17,2
DA:18,2
DA:19,2
DA:20,1
DA:21,1
DA:22,3
DA:23,3
DA:24,3
DA:25,3
DA:26,3
DA:27,3
DA:28,3
DA:29,1
DA:30,1
DA:31,2
DA:32,2
DA:33,2
DA:34,2
DA:35,2
DA:36,3
DA:37,3
DA:38,3
DA:39,1
DA:40,1
DA:41,1
LF:41
LH:41
BRDA:41,0,0,1
BRDA:41,1,0,1
BRDA:41,2,0,1
BRDA:41,3,0,0
BRDA:41,4,0,0
BRDA:41,5,0,0
BRDA:41,6,0,0
BRDA:41,7,0,1
BRDA:41,8,0,1
BRDA:41,9,0,1
BRDA:41,10,0,3
BRDA:41,11,0,5
BRDA:41,12,0,0
BRDA:41,13,0,3
BRDA:41,14,0,5
BRDA:41,15,0,4
BRDA:41,16,0,1
BRDA:41,17,0,7
BRDA:41,18,0,2
BRDA:41,19,0,5
BRDA:41,20,0,3
BRDA:41,21,0,5
BRDA:41,22,0,0
BRDA:41,23,0,9
BRDA:41,24,0,8
BRDA:41,25,0,8
BRDA:41,26,0,0
BRDA:41,27,0,16
BRDA:41,28,0,0
BRDA:41,29,0,0
BRDA:41,30,0,0
BRDA:41,31,0,0
BRDA:41,32,0,8
BRDA:41,33,0,8
BRDA:41,34,0,5
BRDA:41,35,0,0
BRDA:41,36,0,0
BRDA:41,37,0,3
BRDA:41,38,0,0
BRDA:41,39,0,2
BRDA:41,40,0,0
BRDA:41,41,0,0
BRDA:41,42,0,0
BRDA:41,43,0,0
BRDA:41,44,0,8
BRDA:41,45,0,7
BRDA:41,46,0,1
BRDA:41,47,0,8
BRDA:41,48,0,3
BRDA:41,49,0,1
BRDA:41,50,0,2
BRDA:41,51,0,0
BRDA:41,52,0,1
BRDA:41,53,0,0
BRDA:14,54,0,1
BRDA:16,55,0,2
BRDA:21,56,0,3
BRDA:41,57,0,3
BRDA:41,58,0,8
BRDA:41,59,0,3
BRDA:41,60,0,3
BRDA:28,61,0,1
BRDA:30,62,0,2
BRDA:41,63,0,2
BRF:64
BRH:44
end_of_record
TN:
SF:src/modules/users/services/AuthenticateUserService.ts
FN:58,Object.<anonymous>
FN:58,Object.<anonymous>.__decorate
FN:58,Object.<anonymous>.__metadata
FN:58,Object.<anonymous>.__param
FN:58,Object.<anonymous>.__awaiter
FN:58,adopt
FN:58,fulfilled
FN:58,rejected
FN:58,step
FN:58,Object.<anonymous>.__generator
FN:58,sent
FN:58,g.<computed>
FN:58,verb
FN:58,step
FN:58,Object.<anonymous>.__importDefault
FN:23,AuthenticateUserService
FN:31,Object.<anonymous>.AuthenticateUserService.execute
FNF:17
FNH:15
FNDA:1,Object.<anonymous>
FNDA:1,Object.<anonymous>.__decorate
FNDA:1,Object.<anonymous>.__metadata
FNDA:2,Object.<anonymous>.__param
FNDA:3,Object.<anonymous>.__awaiter
FNDA:5,adopt
FNDA:5,fulfilled
FNDA:0,rejected
FNDA:6,step
FNDA:3,Object.<anonymous>.__generator
FNDA:5,sent
FNDA:0,g.<computed>
FNDA:9,verb
FNDA:8,step
FNDA:2,Object.<anonymous>.__importDefault
FNDA:3,AuthenticateUserService
FNDA:3,Object.<anonymous>.AuthenticateUserService.execute
DA:1,1
DA:2,1
DA:3,1
DA:4,1
DA:5,1
DA:6,1
DA:7,1
DA:8,1
DA:9,1
DA:10,1
DA:11,1
DA:12,1
DA:13,1
DA:14,1
DA:15,1
DA:16,1
DA:17,1
DA:18,1
DA:19,1
DA:20,1
DA:21,1
DA:22,1
DA:23,1
DA:24,3
DA:25,3
DA:26,3
DA:27,3
DA:28,3
DA:29,3
DA:30,1
DA:31,1
DA:32,3
DA:33,3
DA:34,3
DA:35,1
DA:36,1
DA:37,2
DA:38,2
DA:39,3
DA:40,3
DA:41,1
DA:42,1
DA:43,1
DA:44,1
DA:45,1
DA:46,1
DA:47,1
DA:48,1
DA:49,1
DA:50,1
DA:51,1
DA:52,1
DA:53,1
DA:54,1
DA:55,3
DA:56,1
DA:57,1
DA:58,1
LF:58
LH:58
BRDA:58,0,0,1
BRDA:58,1,0,1
BRDA:58,2,0,1
BRDA:58,3,0,0
BRDA:58,4,0,0
BRDA:58,5,0,0
BRDA:58,6,0,0
BRDA:58,7,0,1
BRDA:58,8,0,2
BRDA:58,9,0,2
BRDA:58,10,0,3
BRDA:58,11,0,5
BRDA:58,12,0,0
BRDA:58,13,0,3
BRDA:58,14,0,5
BRDA:58,15,0,3
BRDA:58,16,0,2
BRDA:58,17,0,6
BRDA:58,18,0,1
BRDA:58,19,0,5
BRDA:58,20,0,3
BRDA:58,21,0,5
BRDA:58,22,0,0
BRDA:58,23,0,9
BRDA:58,24,0,8
BRDA:58,25,0,8
BRDA:58,26,0,0
BRDA:58,27,0,16
BRDA:58,28,0,0
BRDA:58,29,0,0
BRDA:58,30,0,0
BRDA:58,31,0,0
BRDA:58,32,0,8
BRDA:58,33,0,8
BRDA:58,34,0,5
BRDA:58,35,0,0
BRDA:58,36,0,0
BRDA:58,37,0,3
BRDA:58,38,0,0
BRDA:58,39,0,1
BRDA:58,40,0,0
BRDA:58,41,0,0
BRDA:58,42,0,0
BRDA:58,43,0,0
BRDA:58,44,0,8
BRDA:58,45,0,6
BRDA:58,46,0,2
BRDA:58,47,0,8
BRDA:58,48,0,3
BRDA:58,49,0,2
BRDA:58,50,0,1
BRDA:58,51,0,0
BRDA:58,52,0,2
BRDA:58,53,0,0
BRDA:22,54,0,1
BRDA:23,55,0,3
BRDA:31,56,0,3
BRDA:58,57,0,3
BRDA:58,58,0,8
BRDA:32,59,0,3
BRDA:58,60,0,3
BRDA:34,61,0,1
BRDA:36,62,0,2
BRDA:58,63,0,2
BRDA:40,64,0,1
BRF:65
BRH:45
end_of_record
TN:
SF:src/modules/users/services/CreateUserService.ts
FN:43,Object.<anonymous>
FN:43,Object.<anonymous>.__decorate
FN:43,Object.<anonymous>.__metadata
FN:43,Object.<anonymous>.__param
FN:43,Object.<anonymous>.__awaiter
FN:43,adopt
FN:43,fulfilled
FN:43,rejected
FN:43,step
FN:43,Object.<anonymous>.__generator
FN:43,sent
FN:43,g.<computed>
FN:43,verb
FN:43,step
FN:43,Object.<anonymous>.__importDefault
FN:16,CreateUserService
FN:24,Object.<anonymous>.CreateUserService.execute
FNF:17
FNH:15
FNDA:2,Object.<anonymous>
FNDA:2,Object.<anonymous>.__decorate
FNDA:2,Object.<anonymous>.__metadata
FNDA:4,Object.<anonymous>.__param
FNDA:5,Object.<anonymous>.__awaiter
FNDA:13,adopt
FNDA:13,fulfilled
FNDA:0,rejected
FNDA:17,step
FNDA:5,Object.<anonymous>.__generator
FNDA:13,sent
FNDA:0,g.<computed>
FNDA:15,verb
FNDA:18,step
FNDA:2,Object.<anonymous>.__importDefault
FNDA:4,CreateUserService
FNDA:5,Object.<anonymous>.CreateUserService.execute
DA:1,1
DA:2,1
DA:3,1
DA:4,1
DA:5,1
DA:6,1
DA:7,1
DA:8,1
DA:9,1
DA:10,1
DA:11,1
DA:12,1
DA:13,1
DA:14,1
DA:15,2
DA:16,2
DA:17,4
DA:18,4
DA:19,4
DA:20,4
DA:21,4
DA:22,4
DA:23,2
DA:24,2
DA:25,5
DA:26,5
DA:27,5
DA:28,1
DA:29,1
DA:30,4
DA:31,4
DA:32,5
DA:33,5
DA:34,5
DA:35,5
DA:36,5
DA:37,5
DA:38,5
DA:39,5
DA:40,5
DA:41,2
DA:42,1
DA:43,1
LF:43
LH:43
BRDA:43,0,0,2
BRDA:43,1,0,2
BRDA:43,2,0,2
BRDA:43,3,0,0
BRDA:43,4,0,0
BRDA:43,5,0,0
BRDA:43,6,0,0
BRDA:43,7,0,2
BRDA:43,8,0,4
BRDA:43,9,0,4
BRDA:43,10,0,5
BRDA:43,11,0,13
BRDA:43,12,0,0
BRDA:43,13,0,5
BRDA:43,14,0,13
BRDA:43,15,0,12
BRDA:43,16,0,1
BRDA:43,17,0,17
BRDA:43,18,0,4
BRDA:43,19,0,13
BRDA:43,20,0,5
BRDA:43,21,0,13
BRDA:43,22,0,0
BRDA:43,23,0,15
BRDA:43,24,0,18
BRDA:43,25,0,18
BRDA:43,26,0,0
BRDA:43,27,0,36
BRDA:43,28,0,0
BRDA:43,29,0,0
BRDA:43,30,0,0
BRDA:43,31,0,0
BRDA:43,32,0,18
BRDA:43,33,0,18
BRDA:43,34,0,13
BRDA:43,35,0,0
BRDA:43,36,0,0
BRDA:43,37,0,5
BRDA:43,38,0,0
BRDA:43,39,0,4
BRDA:43,40,0,0
BRDA:43,41,0,0
BRDA:43,42,0,0
BRDA:43,43,0,0
BRDA:43,44,0,28
BRDA:43,45,0,18
BRDA:43,46,0,17
BRDA:43,47,0,1
BRDA:43,48,0,18
BRDA:43,49,0,5
BRDA:43,50,0,1
BRDA:43,51,0,4
BRDA:43,52,0,0
BRDA:43,53,0,2
BRDA:43,54,0,0
BRDA:15,55,0,2
BRDA:16,56,0,4
BRDA:24,57,0,5
BRDA:43,58,0,5
BRDA:43,59,0,18
BRDA:25,60,0,5
BRDA:43,61,0,5
BRDA:27,62,0,1
BRDA:29,63,0,4
BRDA:43,64,0,4
BRDA:43,65,0,4
BRF:66
BRH:46
end_of_record
TN:
SF:src/modules/users/services/UpdateUserAvatarService.ts
FN:47,Object.<anonymous>
FN:47,Object.<anonymous>.__decorate
FN:47,Object.<anonymous>.__metadata
FN:47,Object.<anonymous>.__param
FN:47,Object.<anonymous>.__awaiter
FN:47,adopt
FN:47,fulfilled
FN:47,rejected
FN:47,step
FN:47,Object.<anonymous>.__generator
FN:47,sent
FN:47,g.<computed>
FN:47,verb
FN:47,step
FN:47,Object.<anonymous>.__importDefault
FN:18,UpdateUserAvatarService
FN:26,Object.<anonymous>.UpdateUserAvatarService.execute
FNF:17
FNH:15
FNDA:1,Object.<anonymous>
FNDA:1,Object.<anonymous>.__decorate
FNDA:1,Object.<anonymous>.__metadata
FNDA:2,Object.<anonymous>.__param
FNDA:4,Object.<anonymous>.__awaiter
FNDA:11,adopt
FNDA:11,fulfilled
FNDA:0,rejected
FNDA:14,step
FNDA:4,Object.<anonymous>.__generator
FNDA:11,sent
FNDA:0,g.<computed>
FNDA:12,verb
FNDA:15,step
FNDA:1,Object.<anonymous>.__importDefault
FNDA:3,UpdateUserAvatarService
FNDA:4,Object.<anonymous>.UpdateUserAvatarService.execute
DA:1,1
DA:2,1
DA:3,1
DA:4,1
DA:5,1
DA:6,1
DA:7,1
DA:8,1
DA:9,1
DA:10,1
DA:11,1
DA:12,1
DA:13,1
DA:14,1
DA:15,1
DA:16,1
DA:17,1
DA:18,1
DA:19,3
DA:20,3
DA:21,3
DA:22,3
DA:23,3
DA:24,3
DA:25,1
DA:26,1
DA:27,4
DA:28,4
DA:29,4
DA:30,1
DA:31,1
DA:32,3
DA:33,3
DA:34,1
DA:35,4
DA:36,4
DA:37,4
DA:38,4
DA:39,4
DA:40,4
DA:41,4
DA:42,4
DA:43,4
DA:44,4
DA:45,1
DA:46,1
DA:47,1
LF:47
LH:47
BRDA:47,0,0,1
BRDA:47,1,0,1
BRDA:47,2,0,1
BRDA:47,3,0,0
BRDA:47,4,0,0
BRDA:47,5,0,0
BRDA:47,6,0,0
BRDA:47,7,0,1
BRDA:47,8,0,2
BRDA:47,9,0,2
BRDA:47,10,0,4
BRDA:47,11,0,11
BRDA:47,12,0,0
BRDA:47,13,0,4
BRDA:47,14,0,11
BRDA:47,15,0,10
BRDA:47,16,0,1
BRDA:47,17,0,14
BRDA:47,18,0,3
BRDA:47,19,0,11
BRDA:47,20,0,4
BRDA:47,21,0,11
BRDA:47,22,0,0
BRDA:47,23,0,12
BRDA:47,24,0,15
BRDA:47,25,0,15
BRDA:47,26,0,0
BRDA:47,27,0,32
BRDA:47,28,0,0
BRDA:47,29,0,0
BRDA:47,30,0,0
BRDA:47,31,0,0
BRDA:47,32,0,15
BRDA:47,33,0,15
BRDA:47,34,0,11
BRDA:47,35,0,0
BRDA:47,36,0,0
BRDA:47,37,0,6
BRDA:47,38,0,0
BRDA:47,39,0,5
BRDA:47,40,0,4
BRDA:47,41,0,2
BRDA:47,42,0,0
BRDA:47,43,0,2
BRDA:47,44,0,0
BRDA:47,45,0,0
BRDA:47,46,0,0
BRDA:47,47,0,17
BRDA:47,48,0,16
BRDA:47,49,0,1
BRDA:47,50,0,17
BRDA:47,51,0,4
BRDA:47,52,0,1
BRDA:47,53,0,3
BRDA:47,54,0,0
BRDA:47,55,0,1
BRDA:47,56,0,0
BRDA:17,57,0,1
BRDA:18,58,0,3
BRDA:26,59,0,4
BRDA:47,60,0,4
BRDA:47,61,0,17
BRDA:27,62,0,4
BRDA:47,63,0,4
BRDA:29,64,0,1
BRDA:31,65,0,3
BRDA:33,66,0,2
BRDA:33,67,0,1
BRDA:47,68,0,1
BRDA:37,69,0,3
BRDA:47,70,0,3
BRDA:47,71,0,3
BRF:72
BRH:52
end_of_record
